2021-09-10 13:10:03,197 :: INFO :: Current disk space: 59.58 GB
2021-09-10 13:10:03,201 :: ERROR :: No connection adapters were found for "['http://speedtest.tele2.net/10MB.zip']"
2021-09-10 13:11:03,676 :: INFO :: Current disk space: 59.58 GB
2021-09-10 13:11:03,679 :: ERROR :: No connection adapters were found for "['http://speedtest.tele2.net/10MB.zip']"
2021-09-10 13:11:45,142 :: INFO :: Current disk space: 59.58 GB
2021-09-10 13:11:45,144 :: INFO :: Current disk space: 59.58 GB
2021-09-10 13:11:45,145 :: INFO :: Current disk space: 59.58 GB
2021-09-10 13:11:45,149 :: ERROR :: No connection adapters were found for "['http://speedtest.tele2.net/1MB.zip']"
2021-09-10 13:11:45,149 :: ERROR :: No connection adapters were found for "['http://speedtest.tele2.net/10MB.zip']"
2021-09-10 13:12:17,509 :: INFO :: Current disk space: 59.58 GB
2021-09-10 13:12:17,510 :: INFO :: Current disk space: 59.58 GB
2021-09-10 13:12:17,511 :: INFO :: Current disk space: 59.58 GB
2021-09-10 13:12:17,872 :: INFO :: Size of http://speedtest.tele2.net/1MB.zip: 1.0 MB
2021-09-10 13:12:17,878 :: INFO :: Size of http://speedtest.tele2.net/10MB.zip: 10.0 MB
2021-09-10 13:12:18,208 :: INFO :: Saving http://speedtest.tele2.net/1MB.zip at C:\Users\desmond\Desktop\agoda\files\1MB.zip
2021-09-10 13:12:18,255 :: INFO :: Saving http://speedtest.tele2.net/10MB.zip at C:\Users\desmond\Desktop\agoda\files\10MB.zip
2021-09-10 13:12:19,348 :: INFO :: http://speedtest.tele2.net/1MB.zip successfully saved at C:\Users\desmond\Desktop\agoda\files\1MB.zip
2021-09-10 13:12:19,466 :: INFO :: Size of ftp://speedtest.tele2.net/100KB.zip: 100.0 KB
2021-09-10 13:12:19,466 :: INFO :: Saving ftp://speedtest.tele2.net/100KB.zip at C:\Users\desmond\Desktop\agoda\files\100KB.zip
2021-09-10 13:12:20,159 :: INFO :: http://speedtest.tele2.net/10MB.zip successfully saved at C:\Users\desmond\Desktop\agoda\files\10MB.zip
2021-09-10 13:12:21,581 :: INFO :: ftp://speedtest.tele2.net/100KB.zip successfully saved at C:\Users\desmond\Desktop\agoda\files\100KB.zip
2021-09-10 13:50:49,333 :: INFO :: Connected (version 2.0, client RebexSSH_5.0.7906.0)
2021-09-10 13:50:50,673 :: INFO :: Authentication (publickey) failed.
2021-09-10 13:50:50,850 :: INFO :: Disconnect (code 2): Authentication is already in progress.
2021-09-10 13:52:03,938 :: INFO :: Connected (version 2.0, client RebexSSH_5.0.7906.0)
2021-09-10 13:52:05,276 :: INFO :: Authentication (publickey) failed.
2021-09-10 13:52:05,452 :: INFO :: Disconnect (code 2): Authentication is already in progress.
2021-09-10 14:00:21,764 :: INFO :: Connected (version 2.0, client RebexSSH_5.0.7906.0)
2021-09-10 14:00:23,052 :: INFO :: Authentication (password) successful!
2021-09-10 14:00:23,810 :: INFO :: [chan 0] Opened sftp connection (server version 3)
2021-09-10 14:02:20,429 :: INFO :: Connected (version 2.0, client RebexSSH_5.0.7906.0)
2021-09-10 14:02:21,738 :: INFO :: Authentication (password) successful!
2021-09-10 14:02:22,490 :: INFO :: [chan 0] Opened sftp connection (server version 3)
2021-09-10 14:02:22,669 :: INFO :: Saving /pub/example/readme.txt at C:\Users\desmond\Desktop\agoda\config\readme.txt
2021-09-10 14:02:23,380 :: INFO :: [chan 0] sftp session closed.
2021-09-10 14:02:23,382 :: ERROR :: [WinError 2] The system cannot find the file specified: 'C:\\Users\\desmond\\Desktop\\agoda\\config\\readme.txt'
Traceback (most recent call last):
  File "C:\Users\desmond\Desktop\agoda\src\main.py", line 152, in download_sftp_file
    if expected_file_size == Path(path_to_save).stat().st_size:
  File "C:\Users\desmond\AppData\Local\Programs\Python\Python39\lib\pathlib.py", line 1232, in stat
    return self._accessor.stat(self)
FileNotFoundError: [WinError 2] The system cannot find the file specified: 'C:\\Users\\desmond\\Desktop\\agoda\\config\\readme.txt'
2021-09-10 14:04:20,755 :: INFO :: Connected (version 2.0, client RebexSSH_5.0.7906.0)
2021-09-10 14:04:22,045 :: INFO :: Authentication (password) successful!
2021-09-10 14:04:22,794 :: INFO :: [chan 0] Opened sftp connection (server version 3)
2021-09-10 14:04:22,973 :: INFO :: Saving /pub/example/readme.txt at C:\Users\desmond\Desktop\agoda\config\readme.txt
2021-09-10 14:04:23,682 :: INFO :: [chan 0] sftp session closed.
2021-09-10 14:04:23,685 :: ERROR :: [WinError 2] The system cannot find the file specified: 'C:\\Users\\desmond\\Desktop\\agoda\\config\\readme.txt'
Traceback (most recent call last):
  File "C:\Users\desmond\Desktop\agoda\src\main.py", line 152, in download_sftp_file
    if expected_file_size == Path(path_to_save).stat().st_size:
  File "C:\Users\desmond\AppData\Local\Programs\Python\Python39\lib\pathlib.py", line 1232, in stat
    return self._accessor.stat(self)
FileNotFoundError: [WinError 2] The system cannot find the file specified: 'C:\\Users\\desmond\\Desktop\\agoda\\config\\readme.txt'
2021-09-10 14:05:11,336 :: INFO :: Connected (version 2.0, client RebexSSH_5.0.7906.0)
2021-09-10 14:05:12,626 :: INFO :: Authentication (password) successful!
2021-09-10 14:05:13,418 :: INFO :: [chan 0] Opened sftp connection (server version 3)
2021-09-10 14:06:54,500 :: INFO :: Connected (version 2.0, client RebexSSH_5.0.7906.0)
2021-09-10 14:06:55,845 :: INFO :: Authentication (password) successful!
2021-09-10 14:06:56,593 :: INFO :: [chan 0] Opened sftp connection (server version 3)
2021-09-10 14:09:31,570 :: INFO :: Connected (version 2.0, client RebexSSH_5.0.7906.0)
2021-09-10 14:09:32,873 :: INFO :: Authentication (password) successful!
2021-09-10 14:09:33,618 :: INFO :: [chan 0] Opened sftp connection (server version 3)
2021-09-10 14:09:33,797 :: INFO :: Saving /pub/example/readme.txt at C:\Users\desmond\Desktop\agoda\files\readme.txt
2021-09-10 14:09:34,504 :: INFO :: [chan 0] sftp session closed.
2021-09-10 14:09:34,506 :: ERROR :: [WinError 2] The system cannot find the file specified: 'C:\\Users\\desmond\\Desktop\\agoda\\files\\readme.txt'
Traceback (most recent call last):
  File "C:\Users\desmond\Desktop\agoda\src\main.py", line 154, in download_sftp_file
    if expected_file_size == Path(path_to_save).stat().st_size:
  File "C:\Users\desmond\AppData\Local\Programs\Python\Python39\lib\pathlib.py", line 1232, in stat
    return self._accessor.stat(self)
FileNotFoundError: [WinError 2] The system cannot find the file specified: 'C:\\Users\\desmond\\Desktop\\agoda\\files\\readme.txt'
2021-09-10 14:10:01,032 :: INFO :: Connected (version 2.0, client RebexSSH_5.0.7906.0)
2021-09-10 14:10:02,385 :: INFO :: Authentication (password) successful!
2021-09-10 14:10:03,152 :: INFO :: [chan 0] Opened sftp connection (server version 3)
2021-09-10 14:10:03,332 :: INFO :: Saving /pub/example/readme.txt at C:\Users\desmond\Desktop\agoda\files\readme.txt
2021-09-10 14:10:04,035 :: INFO :: [chan 0] sftp session closed.
2021-09-10 14:10:04,036 :: INFO :: /pub/example/readme.txt successfully saved at C:\Users\desmond\Desktop\agoda\files\readme.txt
2021-09-10 14:31:34,500 :: INFO :: Current disk space: 58.02 GB
2021-09-10 14:31:34,502 :: INFO :: Current disk space: 58.02 GB
2021-09-10 14:31:34,502 :: INFO :: Current disk space: 58.02 GB
2021-09-10 14:31:34,856 :: INFO :: Size of http://speedtest.tele2.net/1MB.zip: 1.0 MB
2021-09-10 14:31:34,861 :: INFO :: Size of http://speedtest.tele2.net/10MB.zip: 10.0 MB
2021-09-10 14:31:34,908 :: INFO :: Connected (version 2.0, client RebexSSH_5.0.7906.0)
2021-09-10 14:31:35,191 :: INFO :: Saving http://speedtest.tele2.net/1MB.zip at C:\Users\desmond\Desktop\agoda\files\1MB (1)..zip
2021-09-10 14:31:35,196 :: INFO :: Saving http://speedtest.tele2.net/10MB.zip at C:\Users\desmond\Desktop\agoda\files\10MB (1)..zip
2021-09-10 14:31:36,190 :: INFO :: Authentication (password) successful!
2021-09-10 14:31:36,310 :: INFO :: http://speedtest.tele2.net/1MB.zip successfully saved at C:\Users\desmond\Desktop\agoda\files\1MB (1)..zip
2021-09-10 14:31:36,399 :: INFO :: Size of ftp://speedtest.tele2.net/100KB.zip: 100.0 KB
2021-09-10 14:31:36,399 :: INFO :: Saving ftp://speedtest.tele2.net/100KB.zip at C:\Users\desmond\Desktop\agoda\files\100KB (1)..zip
2021-09-10 14:31:36,952 :: INFO :: [chan 0] Opened sftp connection (server version 3)
2021-09-10 14:31:37,079 :: INFO :: http://speedtest.tele2.net/10MB.zip successfully saved at C:\Users\desmond\Desktop\agoda\files\10MB (1)..zip
2021-09-10 14:31:37,129 :: INFO :: Saving /pub/example/readme.txt at C:\Users\desmond\Desktop\agoda\files\readme (1)..txt
2021-09-10 14:31:37,838 :: INFO :: [chan 0] sftp session closed.
2021-09-10 14:31:37,839 :: INFO :: /pub/example/readme.txt successfully saved at C:\Users\desmond\Desktop\agoda\files\readme (1)..txt
2021-09-10 14:31:38,493 :: INFO :: ftp://speedtest.tele2.net/100KB.zip successfully saved at C:\Users\desmond\Desktop\agoda\files\100KB (1)..zip
2021-09-10 14:36:37,481 :: INFO :: Current disk space: 58.01 GB
2021-09-10 14:36:37,482 :: INFO :: Current disk space: 58.01 GB
2021-09-10 14:36:37,483 :: INFO :: Current disk space: 58.01 GB
2021-09-10 14:36:37,485 :: INFO :: Current disk space: 58.01 GB
2021-09-10 14:36:37,853 :: INFO :: Size of http://speedtest.tele2.net/1MB.zip: 1.0 MB
2021-09-10 14:36:37,858 :: INFO :: Size of http://speedtest.tele2.net/10MB.zip: 10.0 MB
2021-09-10 14:36:37,918 :: INFO :: Connected (version 2.0, client RebexSSH_5.0.7906.0)
2021-09-10 14:36:38,194 :: INFO :: Saving http://speedtest.tele2.net/10MB.zip at C:\Users\desmond\Desktop\agoda\files\10MB.zip
2021-09-10 14:36:38,195 :: INFO :: Saving http://speedtest.tele2.net/1MB.zip at C:\Users\desmond\Desktop\agoda\files\1MB.zip
2021-09-10 14:36:39,222 :: INFO :: Authentication (password) successful!
2021-09-10 14:36:39,254 :: INFO :: Size of ftp://speedtest.tele2.net/100KB.zip: 100.0 KB
2021-09-10 14:36:39,254 :: INFO :: Saving ftp://speedtest.tele2.net/100KB.zip at C:\Users\desmond\Desktop\agoda\files\100KB.zip
2021-09-10 14:36:39,317 :: INFO :: http://speedtest.tele2.net/1MB.zip successfully saved at C:\Users\desmond\Desktop\agoda\files\1MB.zip
2021-09-10 14:36:39,962 :: INFO :: [chan 0] Opened sftp connection (server version 3)
2021-09-10 14:36:40,143 :: INFO :: Saving /pub/example/readme.txt at C:\Users\desmond\Desktop\agoda\files\readme.txt
2021-09-10 14:36:40,306 :: INFO :: http://speedtest.tele2.net/10MB.zip successfully saved at C:\Users\desmond\Desktop\agoda\files\10MB.zip
2021-09-10 14:36:40,859 :: INFO :: [chan 0] sftp session closed.
2021-09-10 14:36:40,860 :: INFO :: /pub/example/readme.txt successfully saved at C:\Users\desmond\Desktop\agoda\files\readme.txt
2021-09-10 14:36:41,518 :: INFO :: ftp://speedtest.tele2.net/100KB.zip successfully saved at C:\Users\desmond\Desktop\agoda\files\100KB.zip
2021-09-10 14:38:13,706 :: INFO :: Current disk space: 57.99 GB
2021-09-10 14:38:13,706 :: INFO :: Current disk space: 57.99 GB
2021-09-10 14:38:13,708 :: INFO :: Current disk space: 57.99 GB
2021-09-10 14:38:13,708 :: INFO :: Current disk space: 57.99 GB
2021-09-10 14:38:14,053 :: INFO :: Size of http://speedtest.tele2.net/1MB.zip: 1.0 MB
2021-09-10 14:38:14,054 :: INFO :: Size of http://speedtest.tele2.net/10MB.zip: 10.0 MB
2021-09-10 14:38:14,391 :: INFO :: Saving http://speedtest.tele2.net/10MB.zip at C:\Users\desmond\Desktop\agoda\files\10MB (1)..zip
2021-09-10 14:38:14,392 :: INFO :: Saving http://speedtest.tele2.net/1MB.zip at C:\Users\desmond\Desktop\agoda\files\1MB (1)..zip
2021-09-10 14:38:14,397 :: INFO :: Connected (version 2.0, client RebexSSH_5.0.7906.0)
2021-09-10 14:38:14,566 :: INFO :: Size of http://info.cern.ch/: 646.0 B
2021-09-10 14:38:15,097 :: INFO :: Saving http://info.cern.ch/ at C:\Users\desmond\Desktop\agoda\files (1).
2021-09-10 14:38:15,099 :: INFO :: http://info.cern.ch/ successfully saved at C:\Users\desmond\Desktop\agoda\files (1).
2021-09-10 14:38:15,577 :: INFO :: http://speedtest.tele2.net/1MB.zip successfully saved at C:\Users\desmond\Desktop\agoda\files\1MB (1)..zip
2021-09-10 14:38:15,683 :: INFO :: Authentication (password) successful!
2021-09-10 14:38:15,982 :: INFO :: Size of ftp://speedtest.tele2.net/100KB.zip: 100.0 KB
2021-09-10 14:38:15,983 :: INFO :: Saving ftp://speedtest.tele2.net/100KB.zip at C:\Users\desmond\Desktop\agoda\files\100KB (1)..zip
2021-09-10 14:38:16,428 :: INFO :: [chan 0] Opened sftp connection (server version 3)
2021-09-10 14:38:16,555 :: INFO :: http://speedtest.tele2.net/10MB.zip successfully saved at C:\Users\desmond\Desktop\agoda\files\10MB (1)..zip
2021-09-10 14:38:16,606 :: INFO :: Saving /pub/example/readme.txt at C:\Users\desmond\Desktop\agoda\files\readme (1)..txt
2021-09-10 14:38:17,349 :: INFO :: [chan 0] sftp session closed.
2021-09-10 14:38:17,350 :: INFO :: /pub/example/readme.txt successfully saved at C:\Users\desmond\Desktop\agoda\files\readme (1)..txt
2021-09-10 14:38:18,322 :: INFO :: ftp://speedtest.tele2.net/100KB.zip successfully saved at C:\Users\desmond\Desktop\agoda\files\100KB (1)..zip
2021-09-10 14:40:06,387 :: INFO :: Current disk space: 57.98 GB
2021-09-10 14:40:06,388 :: INFO :: Current disk space: 57.98 GB
2021-09-10 14:40:06,389 :: INFO :: Current disk space: 57.98 GB
2021-09-10 14:40:06,391 :: INFO :: Current disk space: 57.98 GB
2021-09-10 14:40:06,741 :: INFO :: Size of http://speedtest.tele2.net/10MB.zip: 10.0 MB
2021-09-10 14:40:06,741 :: INFO :: Size of http://speedtest.tele2.net/1MB.zip: 1.0 MB
2021-09-10 14:40:06,758 :: INFO :: Connected (version 2.0, client RebexSSH_5.0.7906.0)
2021-09-10 14:40:06,919 :: INFO :: Size of http://info.cern.ch/: 646.0 B
2021-09-10 14:40:07,083 :: INFO :: Saving http://speedtest.tele2.net/10MB.zip at C:\Users\desmond\Desktop\agoda\files\10MB (2)..zip
2021-09-10 14:40:07,085 :: INFO :: Saving http://speedtest.tele2.net/1MB.zip at C:\Users\desmond\Desktop\agoda\files\1MB (2)..zip
2021-09-10 14:40:07,466 :: INFO :: Saving http://info.cern.ch/ at C:\Users\desmond\Desktop\agoda\files\http:\info.cern.ch
2021-09-10 14:40:08,038 :: INFO :: Authentication (password) successful!
2021-09-10 14:40:08,220 :: INFO :: http://speedtest.tele2.net/1MB.zip successfully saved at C:\Users\desmond\Desktop\agoda\files\1MB (2)..zip
2021-09-10 14:40:09,069 :: INFO :: [chan 0] Opened sftp connection (server version 3)
2021-09-10 14:40:09,246 :: INFO :: Saving /pub/example/readme.txt at C:\Users\desmond\Desktop\agoda\files\readme (2)..txt
2021-09-10 14:40:09,325 :: INFO :: http://speedtest.tele2.net/10MB.zip successfully saved at C:\Users\desmond\Desktop\agoda\files\10MB (2)..zip
2021-09-10 14:40:09,953 :: INFO :: [chan 0] sftp session closed.
2021-09-10 14:40:09,954 :: INFO :: /pub/example/readme.txt successfully saved at C:\Users\desmond\Desktop\agoda\files\readme (2)..txt
2021-09-10 14:40:13,962 :: INFO :: Size of ftp://speedtest.tele2.net/100KB.zip: 100.0 KB
2021-09-10 14:40:13,963 :: INFO :: Saving ftp://speedtest.tele2.net/100KB.zip at C:\Users\desmond\Desktop\agoda\files\100KB (2)..zip
2021-09-10 14:40:17,321 :: INFO :: ftp://speedtest.tele2.net/100KB.zip successfully saved at C:\Users\desmond\Desktop\agoda\files\100KB (2)..zip
2021-09-10 14:47:01,169 :: INFO :: Current disk space: 57.55 GB
2021-09-10 14:47:01,170 :: INFO :: Current disk space: 57.55 GB
2021-09-10 14:47:01,172 :: INFO :: Current disk space: 57.55 GB
2021-09-10 14:47:01,172 :: INFO :: Current disk space: 57.55 GB
2021-09-10 14:47:01,522 :: INFO :: Size of http://speedtest.tele2.net/1MB.zip: 1.0 MB
2021-09-10 14:47:01,523 :: INFO :: Size of http://speedtest.tele2.net/10MB.zip: 10.0 MB
2021-09-10 14:47:01,535 :: INFO :: Connected (version 2.0, client RebexSSH_5.0.7906.0)
2021-09-10 14:47:01,699 :: INFO :: Size of http://info.cern.ch/: 646.0 B
2021-09-10 14:47:01,865 :: INFO :: Saving http://speedtest.tele2.net/1MB.zip at C:\Users\desmond\Desktop\agoda\files\1MB (3)..zip
2021-09-10 14:47:01,866 :: INFO :: Saving http://speedtest.tele2.net/10MB.zip at C:\Users\desmond\Desktop\agoda\files\10MB (3)..zip
2021-09-10 14:47:02,232 :: INFO :: Saving http://info.cern.ch/ at C:\Users\desmond\Desktop\agoda\files\url
2021-09-10 14:47:02,234 :: INFO :: http://info.cern.ch/ successfully saved at C:\Users\desmond\Desktop\agoda\files\url
2021-09-10 14:47:02,825 :: INFO :: Authentication (password) successful!
2021-09-10 14:47:02,923 :: INFO :: Size of ftp://speedtest.tele2.net/100KB.zip: 100.0 KB
2021-09-10 14:47:02,923 :: INFO :: Saving ftp://speedtest.tele2.net/100KB.zip at C:\Users\desmond\Desktop\agoda\files\100KB (3)..zip
2021-09-10 14:47:02,985 :: INFO :: http://speedtest.tele2.net/1MB.zip successfully saved at C:\Users\desmond\Desktop\agoda\files\1MB (3)..zip
2021-09-10 14:47:03,574 :: INFO :: [chan 0] Opened sftp connection (server version 3)
2021-09-10 14:47:03,710 :: INFO :: http://speedtest.tele2.net/10MB.zip successfully saved at C:\Users\desmond\Desktop\agoda\files\10MB (3)..zip
2021-09-10 14:47:03,751 :: INFO :: Saving /pub/example/readme.txt at C:\Users\desmond\Desktop\agoda\files\readme (3)..txt
2021-09-10 14:47:04,456 :: INFO :: [chan 0] sftp session closed.
2021-09-10 14:47:04,456 :: INFO :: /pub/example/readme.txt successfully saved at C:\Users\desmond\Desktop\agoda\files\readme (3)..txt
2021-09-10 14:47:04,978 :: INFO :: ftp://speedtest.tele2.net/100KB.zip successfully saved at C:\Users\desmond\Desktop\agoda\files\100KB (3)..zip
2021-09-10 14:51:17,082 :: INFO :: Current disk space: 57.54 GB
2021-09-10 14:51:17,083 :: INFO :: Current disk space: 57.54 GB
2021-09-10 14:51:17,433 :: INFO :: Size of http://speedtest.tele2.net/10MB.zip: 10.0 MB
2021-09-10 14:51:17,447 :: INFO :: Connected (version 2.0, client RebexSSH_5.0.7906.0)
2021-09-10 14:51:17,624 :: INFO :: Size of http://info.cern.ch/: 646.0 B
2021-09-10 14:51:17,772 :: INFO :: Saving http://speedtest.tele2.net/10MB.zip at C:\Users\desmond\Desktop\agoda\files\10MB.zip
2021-09-10 14:51:18,160 :: INFO :: Saving http://info.cern.ch/ at C:\Users\desmond\Desktop\agoda\files\url
2021-09-10 14:51:18,167 :: INFO :: http://info.cern.ch/ successfully saved at C:\Users\desmond\Desktop\agoda\files\url
2021-09-10 14:51:18,742 :: INFO :: Authentication (password) successful!
2021-09-10 14:51:19,505 :: INFO :: [chan 0] Opened sftp connection (server version 3)
2021-09-10 14:51:19,688 :: INFO :: Saving /pub/example/readme.txt at C:\Users\desmond\Desktop\agoda\files\readme.txt
2021-09-10 14:51:19,844 :: INFO :: http://speedtest.tele2.net/10MB.zip successfully saved at C:\Users\desmond\Desktop\agoda\files\10MB.zip
2021-09-10 14:51:20,394 :: INFO :: [chan 0] sftp session closed.
2021-09-10 14:51:20,396 :: INFO :: /pub/example/readme.txt successfully saved at C:\Users\desmond\Desktop\agoda\files\readme.txt
2021-09-10 14:51:39,857 :: INFO :: Current disk space: 57.53 GB
2021-09-10 14:51:39,858 :: INFO :: Current disk space: 57.53 GB
2021-09-10 14:51:39,859 :: INFO :: Current disk space: 57.53 GB
2021-09-10 14:51:39,860 :: INFO :: Current disk space: 57.53 GB
2021-09-10 14:51:40,201 :: INFO :: Size of http://speedtest.tele2.net/1MB.zip: 1.0 MB
2021-09-10 14:51:40,204 :: INFO :: Size of http://speedtest.tele2.net/10MB.zip: 10.0 MB
2021-09-10 14:51:40,219 :: INFO :: Connected (version 2.0, client RebexSSH_5.0.7906.0)
2021-09-10 14:51:40,394 :: INFO :: Size of http://info.cern.ch/: 646.0 B
2021-09-10 14:51:40,541 :: INFO :: Saving http://speedtest.tele2.net/1MB.zip at C:\Users\desmond\Desktop\agoda\files\1MB.zip
2021-09-10 14:51:40,542 :: INFO :: Saving http://speedtest.tele2.net/10MB.zip at C:\Users\desmond\Desktop\agoda\files\10MB (1)..zip
2021-09-10 14:51:40,916 :: INFO :: Saving http://info.cern.ch/ at C:\Users\desmond\Desktop\agoda\files\url (1).
2021-09-10 14:51:40,921 :: INFO :: http://info.cern.ch/ successfully saved at C:\Users\desmond\Desktop\agoda\files\url (1).
2021-09-10 14:51:41,529 :: INFO :: Authentication (password) successful!
2021-09-10 14:51:41,660 :: INFO :: Size of ftp://speedtest.tele2.net/100KB.zip: 100.0 KB
2021-09-10 14:51:41,660 :: INFO :: Saving ftp://speedtest.tele2.net/100KB.zip at C:\Users\desmond\Desktop\agoda\files\100KB.zip
2021-09-10 14:51:41,694 :: INFO :: http://speedtest.tele2.net/1MB.zip successfully saved at C:\Users\desmond\Desktop\agoda\files\1MB.zip
2021-09-10 14:51:42,272 :: INFO :: [chan 0] Opened sftp connection (server version 3)
2021-09-10 14:51:42,454 :: INFO :: Saving /pub/example/readme.txt at C:\Users\desmond\Desktop\agoda\files\readme (1)..txt
2021-09-10 14:51:42,463 :: INFO :: http://speedtest.tele2.net/10MB.zip successfully saved at C:\Users\desmond\Desktop\agoda\files\10MB (1)..zip
2021-09-10 14:51:43,164 :: INFO :: [chan 0] sftp session closed.
2021-09-10 14:51:43,165 :: INFO :: /pub/example/readme.txt successfully saved at C:\Users\desmond\Desktop\agoda\files\readme (1)..txt
2021-09-10 14:51:43,647 :: INFO :: ftp://speedtest.tele2.net/100KB.zip successfully saved at C:\Users\desmond\Desktop\agoda\files\100KB.zip
